[0m19:15:57.837964 [debug] [MainThread]: Sending event: {'category': 'dbt', 'action': 'invocation', 'label': 'start', 'context': [<snowplow_tracker.self_describing_json.SelfDescribingJson object at 0x00000249782EB6C8>, <snowplow_tracker.self_describing_json.SelfDescribingJson object at 0x00000249782EBC08>, <snowplow_tracker.self_describing_json.SelfDescribingJson object at 0x00000249782EBB08>]}


============================== 19:15:57.840960 | b91d2240-f2f1-4d92-a7ed-2e9355d7b2f8 ==============================
[0m19:15:57.840960 [info ] [MainThread]: Running with dbt=1.5.11
[0m19:15:57.841960 [debug] [MainThread]: running dbt with arguments {'printer_width': '80', 'indirect_selection': 'eager', 'log_cache_events': 'False', 'write_json': 'True', 'partial_parse': 'True', 'cache_selected_only': 'False', 'warn_error': 'None', 'debug': 'False', 'version_check': 'True', 'log_path': 'logs', 'fail_fast': 'False', 'profiles_dir': '../', 'use_colors': 'True', 'use_experimental_parser': 'False', 'no_print': 'None', 'quiet': 'False', 'log_format': 'default', 'introspect': 'True', 'warn_error_options': 'WarnErrorOptions(include=[], exclude=[])', 'static_parser': 'True', 'target_path': 'None', 'send_anonymous_usage_stats': 'True'}
[0m19:16:19.261709 [debug] [MainThread]: Starter project path: c:\users\pichau\desktop\financas\.venv\lib\site-packages\dbt\include\starter_project
[0m19:16:25.553715 [info ] [MainThread]: Profile datawarehouse written to ..\profiles.yml using target's sample configuration. Once updated, you'll be able to start developing with dbt.
[0m19:16:25.555650 [info ] [MainThread]: 
Your new dbt project "datawarehouse" was created!

For more information on how to configure the profiles.yml file,
please consult the dbt documentation here:

  https://docs.getdbt.com/docs/configure-your-profile

One more thing:

Need help? Don't hesitate to reach out to us via GitHub issues or on Slack:

  https://community.getdbt.com/

Happy modeling!

[0m19:16:25.555650 [debug] [MainThread]: Command `dbt init` succeeded at 19:16:25.555650 after 27.72 seconds
[0m19:16:25.555650 [debug] [MainThread]: Sending event: {'category': 'dbt', 'action': 'invocation', 'label': 'end', 'context': [<snowplow_tracker.self_describing_json.SelfDescribingJson object at 0x0000024971FDAC88>, <snowplow_tracker.self_describing_json.SelfDescribingJson object at 0x000002497843C1C8>, <snowplow_tracker.self_describing_json.SelfDescribingJson object at 0x00000249783DD548>]}
[0m19:16:25.555650 [debug] [MainThread]: Flushing usage events
[0m19:20:26.336179 [debug] [MainThread]: Sending event: {'category': 'dbt', 'action': 'invocation', 'label': 'start', 'context': [<snowplow_tracker.self_describing_json.SelfDescribingJson object at 0x000001B56844B388>, <snowplow_tracker.self_describing_json.SelfDescribingJson object at 0x000001B56844BE08>, <snowplow_tracker.self_describing_json.SelfDescribingJson object at 0x000001B56844BCC8>]}


============================== 19:20:26.336179 | 44f5611c-8339-4e5a-8852-2113b51ac522 ==============================
[0m19:20:26.336179 [info ] [MainThread]: Running with dbt=1.5.11
[0m19:20:26.336179 [debug] [MainThread]: running dbt with arguments {'printer_width': '80', 'indirect_selection': 'eager', 'log_cache_events': 'False', 'write_json': 'True', 'partial_parse': 'True', 'cache_selected_only': 'False', 'warn_error': 'None', 'fail_fast': 'False', 'debug': 'False', 'log_path': 'logs', 'version_check': 'True', 'profiles_dir': '../', 'use_colors': 'True', 'use_experimental_parser': 'False', 'no_print': 'None', 'quiet': 'False', 'log_format': 'default', 'introspect': 'True', 'static_parser': 'True', 'warn_error_options': 'WarnErrorOptions(include=[], exclude=[])', 'target_path': 'None', 'send_anonymous_usage_stats': 'True'}
[0m19:20:26.336179 [info ] [MainThread]: dbt version: 1.5.11
[0m19:20:26.336179 [info ] [MainThread]: python version: 3.7.4
[0m19:20:26.336179 [info ] [MainThread]: python path: c:\users\pichau\desktop\financas\.venv\scripts\python.exe
[0m19:20:26.336179 [info ] [MainThread]: os info: Windows-10-10.0.22621-SP0
[0m19:20:26.336179 [info ] [MainThread]: Using profiles.yml file at ../profiles.yml
[0m19:20:26.336179 [info ] [MainThread]: Using dbt_project.yml file at C:\Users\Pichau\Desktop\Financas\dbt_project.yml
[0m19:20:26.336179 [info ] [MainThread]: Configuration:
[0m19:20:26.336179 [info ] [MainThread]:   profiles.yml file [[31mERROR not found[0m]
[0m19:20:26.347382 [info ] [MainThread]:   dbt_project.yml file [[31mERROR not found[0m]
[0m19:20:26.347908 [info ] [MainThread]: Required dependencies:
[0m19:20:26.348962 [debug] [MainThread]: Executing "git --help"
[0m19:20:26.379840 [debug] [MainThread]: STDOUT: "b"usage: git [-v | --version] [-h | --help] [-C <path>] [-c <name>=<value>]\n           [--exec-path[=<path>]] [--html-path] [--man-path] [--info-path]\n           [-p | --paginate | -P | --no-pager] [--no-replace-objects] [--bare]\n           [--git-dir=<path>] [--work-tree=<path>] [--namespace=<name>]\n           [--config-env=<name>=<envvar>] <command> [<args>]\n\nThese are common Git commands used in various situations:\n\nstart a working area (see also: git help tutorial)\n   clone     Clone a repository into a new directory\n   init      Create an empty Git repository or reinitialize an existing one\n\nwork on the current change (see also: git help everyday)\n   add       Add file contents to the index\n   mv        Move or rename a file, a directory, or a symlink\n   restore   Restore working tree files\n   rm        Remove files from the working tree and from the index\n\nexamine the history and state (see also: git help revisions)\n   bisect    Use binary search to find the commit that introduced a bug\n   diff      Show changes between commits, commit and working tree, etc\n   grep      Print lines matching a pattern\n   log       Show commit logs\n   show      Show various types of objects\n   status    Show the working tree status\n\ngrow, mark and tweak your common history\n   branch    List, create, or delete branches\n   commit    Record changes to the repository\n   merge     Join two or more development histories together\n   rebase    Reapply commits on top of another base tip\n   reset     Reset current HEAD to the specified state\n   switch    Switch branches\n   tag       Create, list, delete or verify a tag object signed with GPG\n\ncollaborate (see also: git help workflows)\n   fetch     Download objects and refs from another repository\n   pull      Fetch from and integrate with another repository or a local branch\n   push      Update remote refs along with associated objects\n\n'git help -a' and 'git help -g' list available subcommands and some\nconcept guides. See 'git help <command>' or 'git help <concept>'\nto read about a specific subcommand or concept.\nSee 'git help git' for an overview of the system.\n""
[0m19:20:26.379840 [debug] [MainThread]: STDERR: "b''"
[0m19:20:26.379840 [info ] [MainThread]:  - git [[32mOK found[0m]

[0m19:20:26.379840 [info ] [MainThread]: [31m1 check failed:[0m
[0m19:20:26.379840 [info ] [MainThread]: dbt looked for a profiles.yml file in ../profiles.yml, but did
not find one. For more information on configuring your profile, consult the
documentation:

https://docs.getdbt.com/docs/configure-your-profile


[0m19:20:26.379840 [debug] [MainThread]: Command `dbt debug` failed at 19:20:26.379840 after 0.05 seconds
[0m19:20:26.379840 [debug] [MainThread]: Sending event: {'category': 'dbt', 'action': 'invocation', 'label': 'end', 'context': [<snowplow_tracker.self_describing_json.SelfDescribingJson object at 0x000001B56216AC48>, <snowplow_tracker.self_describing_json.SelfDescribingJson object at 0x000001B56844E2C8>, <snowplow_tracker.self_describing_json.SelfDescribingJson object at 0x000001B56844E8C8>]}
[0m19:20:26.379840 [debug] [MainThread]: Flushing usage events
[0m19:21:00.885437 [debug] [MainThread]: Sending event: {'category': 'dbt', 'action': 'invocation', 'label': 'start', 'context': [<snowplow_tracker.self_describing_json.SelfDescribingJson object at 0x000001E6C5CDB488>, <snowplow_tracker.self_describing_json.SelfDescribingJson object at 0x000001E6C5CDBD48>, <snowplow_tracker.self_describing_json.SelfDescribingJson object at 0x000001E6C5CDBB08>]}


============================== 19:21:00.889435 | d1dd3322-b746-494e-9441-bf1a1ac0e5c7 ==============================
[0m19:21:00.889435 [info ] [MainThread]: Running with dbt=1.5.11
[0m19:21:00.889435 [debug] [MainThread]: running dbt with arguments {'printer_width': '80', 'indirect_selection': 'eager', 'write_json': 'True', 'log_cache_events': 'False', 'partial_parse': 'True', 'cache_selected_only': 'False', 'warn_error': 'None', 'fail_fast': 'False', 'debug': 'False', 'log_path': 'logs', 'version_check': 'True', 'profiles_dir': '../', 'use_colors': 'True', 'use_experimental_parser': 'False', 'no_print': 'None', 'quiet': 'False', 'warn_error_options': 'WarnErrorOptions(include=[], exclude=[])', 'static_parser': 'True', 'introspect': 'True', 'log_format': 'default', 'target_path': 'None', 'send_anonymous_usage_stats': 'True'}
[0m19:21:00.890437 [info ] [MainThread]: dbt version: 1.5.11
[0m19:21:00.891437 [info ] [MainThread]: python version: 3.7.4
[0m19:21:00.891437 [info ] [MainThread]: python path: c:\users\pichau\desktop\financas\.venv\scripts\python.exe
[0m19:21:00.892437 [info ] [MainThread]: os info: Windows-10-10.0.22621-SP0
[0m19:21:00.892437 [info ] [MainThread]: Using profiles.yml file at ../profiles.yml
[0m19:21:00.893944 [info ] [MainThread]: Using dbt_project.yml file at C:\Users\Pichau\Desktop\Financas\dbt_project.yml
[0m19:21:00.893944 [info ] [MainThread]: Configuration:
[0m19:21:00.894950 [info ] [MainThread]:   profiles.yml file [[31mERROR not found[0m]
[0m19:21:00.894950 [info ] [MainThread]:   dbt_project.yml file [[31mERROR not found[0m]
[0m19:21:00.895954 [info ] [MainThread]: Required dependencies:
[0m19:21:00.896954 [debug] [MainThread]: Executing "git --help"
[0m19:21:00.927959 [debug] [MainThread]: STDOUT: "b"usage: git [-v | --version] [-h | --help] [-C <path>] [-c <name>=<value>]\n           [--exec-path[=<path>]] [--html-path] [--man-path] [--info-path]\n           [-p | --paginate | -P | --no-pager] [--no-replace-objects] [--bare]\n           [--git-dir=<path>] [--work-tree=<path>] [--namespace=<name>]\n           [--config-env=<name>=<envvar>] <command> [<args>]\n\nThese are common Git commands used in various situations:\n\nstart a working area (see also: git help tutorial)\n   clone     Clone a repository into a new directory\n   init      Create an empty Git repository or reinitialize an existing one\n\nwork on the current change (see also: git help everyday)\n   add       Add file contents to the index\n   mv        Move or rename a file, a directory, or a symlink\n   restore   Restore working tree files\n   rm        Remove files from the working tree and from the index\n\nexamine the history and state (see also: git help revisions)\n   bisect    Use binary search to find the commit that introduced a bug\n   diff      Show changes between commits, commit and working tree, etc\n   grep      Print lines matching a pattern\n   log       Show commit logs\n   show      Show various types of objects\n   status    Show the working tree status\n\ngrow, mark and tweak your common history\n   branch    List, create, or delete branches\n   commit    Record changes to the repository\n   merge     Join two or more development histories together\n   rebase    Reapply commits on top of another base tip\n   reset     Reset current HEAD to the specified state\n   switch    Switch branches\n   tag       Create, list, delete or verify a tag object signed with GPG\n\ncollaborate (see also: git help workflows)\n   fetch     Download objects and refs from another repository\n   pull      Fetch from and integrate with another repository or a local branch\n   push      Update remote refs along with associated objects\n\n'git help -a' and 'git help -g' list available subcommands and some\nconcept guides. See 'git help <command>' or 'git help <concept>'\nto read about a specific subcommand or concept.\nSee 'git help git' for an overview of the system.\n""
[0m19:21:00.928959 [debug] [MainThread]: STDERR: "b''"
[0m19:21:00.928959 [info ] [MainThread]:  - git [[32mOK found[0m]

[0m19:21:00.929956 [info ] [MainThread]: [31m1 check failed:[0m
[0m19:21:00.930957 [info ] [MainThread]: dbt looked for a profiles.yml file in ../profiles.yml, but did
not find one. For more information on configuring your profile, consult the
documentation:

https://docs.getdbt.com/docs/configure-your-profile


[0m19:21:00.931953 [debug] [MainThread]: Command `dbt debug` failed at 19:21:00.931953 after 0.05 seconds
[0m19:21:00.932951 [debug] [MainThread]: Sending event: {'category': 'dbt', 'action': 'invocation', 'label': 'end', 'context': [<snowplow_tracker.self_describing_json.SelfDescribingJson object at 0x000001E6BF9BAC88>, <snowplow_tracker.self_describing_json.SelfDescribingJson object at 0x000001E6C5CDE1C8>, <snowplow_tracker.self_describing_json.SelfDescribingJson object at 0x000001E6C5CDE648>]}
[0m19:21:00.932951 [debug] [MainThread]: Flushing usage events
[0m19:22:25.587848 [debug] [MainThread]: Sending event: {'category': 'dbt', 'action': 'invocation', 'label': 'start', 'context': [<snowplow_tracker.self_describing_json.SelfDescribingJson object at 0x000001CBF28DB388>, <snowplow_tracker.self_describing_json.SelfDescribingJson object at 0x000001CBF28DBE08>, <snowplow_tracker.self_describing_json.SelfDescribingJson object at 0x000001CBF28DBCC8>]}


============================== 19:22:25.591847 | 87a5466e-0ad5-48f0-855c-cead3a0d54de ==============================
[0m19:22:25.591847 [info ] [MainThread]: Running with dbt=1.5.11
[0m19:22:25.591847 [debug] [MainThread]: running dbt with arguments {'printer_width': '80', 'indirect_selection': 'eager', 'log_cache_events': 'False', 'write_json': 'True', 'partial_parse': 'True', 'cache_selected_only': 'False', 'profiles_dir': '../', 'fail_fast': 'False', 'warn_error': 'None', 'log_path': 'logs', 'debug': 'False', 'version_check': 'True', 'use_colors': 'True', 'use_experimental_parser': 'False', 'no_print': 'None', 'quiet': 'False', 'log_format': 'default', 'introspect': 'True', 'static_parser': 'True', 'warn_error_options': 'WarnErrorOptions(include=[], exclude=[])', 'target_path': 'None', 'send_anonymous_usage_stats': 'True'}
[0m19:22:25.592848 [info ] [MainThread]: dbt version: 1.5.11
[0m19:22:25.592848 [info ] [MainThread]: python version: 3.7.4
[0m19:22:25.593848 [info ] [MainThread]: python path: c:\users\pichau\desktop\financas\.venv\scripts\python.exe
[0m19:22:25.594851 [info ] [MainThread]: os info: Windows-10-10.0.22621-SP0
[0m19:22:25.594851 [info ] [MainThread]: Using profiles.yml file at ../profiles.yml
[0m19:22:25.595848 [info ] [MainThread]: Using dbt_project.yml file at C:\Users\Pichau\Desktop\Financas\dbt_project.yml
[0m19:22:25.595848 [info ] [MainThread]: Configuration:
[0m19:22:25.596848 [info ] [MainThread]:   profiles.yml file [[31mERROR not found[0m]
[0m19:22:25.596848 [info ] [MainThread]:   dbt_project.yml file [[31mERROR not found[0m]
[0m19:22:25.597855 [info ] [MainThread]: Required dependencies:
[0m19:22:25.598855 [debug] [MainThread]: Executing "git --help"
[0m19:22:25.629381 [debug] [MainThread]: STDOUT: "b"usage: git [-v | --version] [-h | --help] [-C <path>] [-c <name>=<value>]\n           [--exec-path[=<path>]] [--html-path] [--man-path] [--info-path]\n           [-p | --paginate | -P | --no-pager] [--no-replace-objects] [--bare]\n           [--git-dir=<path>] [--work-tree=<path>] [--namespace=<name>]\n           [--config-env=<name>=<envvar>] <command> [<args>]\n\nThese are common Git commands used in various situations:\n\nstart a working area (see also: git help tutorial)\n   clone     Clone a repository into a new directory\n   init      Create an empty Git repository or reinitialize an existing one\n\nwork on the current change (see also: git help everyday)\n   add       Add file contents to the index\n   mv        Move or rename a file, a directory, or a symlink\n   restore   Restore working tree files\n   rm        Remove files from the working tree and from the index\n\nexamine the history and state (see also: git help revisions)\n   bisect    Use binary search to find the commit that introduced a bug\n   diff      Show changes between commits, commit and working tree, etc\n   grep      Print lines matching a pattern\n   log       Show commit logs\n   show      Show various types of objects\n   status    Show the working tree status\n\ngrow, mark and tweak your common history\n   branch    List, create, or delete branches\n   commit    Record changes to the repository\n   merge     Join two or more development histories together\n   rebase    Reapply commits on top of another base tip\n   reset     Reset current HEAD to the specified state\n   switch    Switch branches\n   tag       Create, list, delete or verify a tag object signed with GPG\n\ncollaborate (see also: git help workflows)\n   fetch     Download objects and refs from another repository\n   pull      Fetch from and integrate with another repository or a local branch\n   push      Update remote refs along with associated objects\n\n'git help -a' and 'git help -g' list available subcommands and some\nconcept guides. See 'git help <command>' or 'git help <concept>'\nto read about a specific subcommand or concept.\nSee 'git help git' for an overview of the system.\n""
[0m19:22:25.630381 [debug] [MainThread]: STDERR: "b''"
[0m19:22:25.630381 [info ] [MainThread]:  - git [[32mOK found[0m]

[0m19:22:25.631374 [info ] [MainThread]: [31m1 check failed:[0m
[0m19:22:25.632378 [info ] [MainThread]: dbt looked for a profiles.yml file in ../profiles.yml, but did
not find one. For more information on configuring your profile, consult the
documentation:

https://docs.getdbt.com/docs/configure-your-profile


[0m19:22:25.633384 [debug] [MainThread]: Command `dbt debug` failed at 19:22:25.633384 after 0.05 seconds
[0m19:22:25.634380 [debug] [MainThread]: Sending event: {'category': 'dbt', 'action': 'invocation', 'label': 'end', 'context': [<snowplow_tracker.self_describing_json.SelfDescribingJson object at 0x000001CBEC5BAC88>, <snowplow_tracker.self_describing_json.SelfDescribingJson object at 0x000001CBF28DE2C8>, <snowplow_tracker.self_describing_json.SelfDescribingJson object at 0x000001CBF28DE5C8>]}
[0m19:22:25.634380 [debug] [MainThread]: Flushing usage events
[0m19:24:02.565653 [debug] [MainThread]: Sending event: {'category': 'dbt', 'action': 'invocation', 'label': 'start', 'context': [<snowplow_tracker.self_describing_json.SelfDescribingJson object at 0x00000129A97D3C88>, <snowplow_tracker.self_describing_json.SelfDescribingJson object at 0x00000129A97DBCC8>, <snowplow_tracker.self_describing_json.SelfDescribingJson object at 0x00000129A97DB948>]}


============================== 19:24:02.568657 | 890447a6-1dfd-4f60-8397-495830a2a965 ==============================
[0m19:24:02.568657 [info ] [MainThread]: Running with dbt=1.5.11
[0m19:24:02.569657 [debug] [MainThread]: running dbt with arguments {'printer_width': '80', 'indirect_selection': 'eager', 'log_cache_events': 'False', 'write_json': 'True', 'partial_parse': 'True', 'cache_selected_only': 'False', 'warn_error': 'None', 'debug': 'False', 'version_check': 'True', 'log_path': 'logs', 'profiles_dir': '../', 'fail_fast': 'False', 'use_colors': 'True', 'use_experimental_parser': 'False', 'no_print': 'None', 'quiet': 'False', 'warn_error_options': 'WarnErrorOptions(include=[], exclude=[])', 'introspect': 'True', 'log_format': 'default', 'static_parser': 'True', 'target_path': 'None', 'send_anonymous_usage_stats': 'True'}
[0m19:24:02.570660 [info ] [MainThread]: dbt version: 1.5.11
[0m19:24:02.570660 [info ] [MainThread]: python version: 3.7.4
[0m19:24:02.571660 [info ] [MainThread]: python path: c:\users\pichau\desktop\financas\.venv\scripts\python.exe
[0m19:24:02.571660 [info ] [MainThread]: os info: Windows-10-10.0.22621-SP0
[0m19:24:02.572660 [info ] [MainThread]: Using profiles.yml file at ../profiles.yml
[0m19:24:02.572660 [info ] [MainThread]: Using dbt_project.yml file at C:\Users\Pichau\Desktop\Financas\dbt_project.yml
[0m19:24:02.574167 [info ] [MainThread]: Configuration:
[0m19:24:02.574167 [info ] [MainThread]:   profiles.yml file [[31mERROR not found[0m]
[0m19:24:02.575175 [info ] [MainThread]:   dbt_project.yml file [[31mERROR not found[0m]
[0m19:24:02.576184 [info ] [MainThread]: Required dependencies:
[0m19:24:02.576184 [debug] [MainThread]: Executing "git --help"
[0m19:24:02.606773 [debug] [MainThread]: STDOUT: "b"usage: git [-v | --version] [-h | --help] [-C <path>] [-c <name>=<value>]\n           [--exec-path[=<path>]] [--html-path] [--man-path] [--info-path]\n           [-p | --paginate | -P | --no-pager] [--no-replace-objects] [--bare]\n           [--git-dir=<path>] [--work-tree=<path>] [--namespace=<name>]\n           [--config-env=<name>=<envvar>] <command> [<args>]\n\nThese are common Git commands used in various situations:\n\nstart a working area (see also: git help tutorial)\n   clone     Clone a repository into a new directory\n   init      Create an empty Git repository or reinitialize an existing one\n\nwork on the current change (see also: git help everyday)\n   add       Add file contents to the index\n   mv        Move or rename a file, a directory, or a symlink\n   restore   Restore working tree files\n   rm        Remove files from the working tree and from the index\n\nexamine the history and state (see also: git help revisions)\n   bisect    Use binary search to find the commit that introduced a bug\n   diff      Show changes between commits, commit and working tree, etc\n   grep      Print lines matching a pattern\n   log       Show commit logs\n   show      Show various types of objects\n   status    Show the working tree status\n\ngrow, mark and tweak your common history\n   branch    List, create, or delete branches\n   commit    Record changes to the repository\n   merge     Join two or more development histories together\n   rebase    Reapply commits on top of another base tip\n   reset     Reset current HEAD to the specified state\n   switch    Switch branches\n   tag       Create, list, delete or verify a tag object signed with GPG\n\ncollaborate (see also: git help workflows)\n   fetch     Download objects and refs from another repository\n   pull      Fetch from and integrate with another repository or a local branch\n   push      Update remote refs along with associated objects\n\n'git help -a' and 'git help -g' list available subcommands and some\nconcept guides. See 'git help <command>' or 'git help <concept>'\nto read about a specific subcommand or concept.\nSee 'git help git' for an overview of the system.\n""
[0m19:24:02.607772 [debug] [MainThread]: STDERR: "b''"
[0m19:24:02.607772 [info ] [MainThread]:  - git [[32mOK found[0m]

[0m19:24:02.607772 [info ] [MainThread]: [31m1 check failed:[0m
[0m19:24:02.609278 [info ] [MainThread]: dbt looked for a profiles.yml file in ../profiles.yml, but did
not find one. For more information on configuring your profile, consult the
documentation:

https://docs.getdbt.com/docs/configure-your-profile


[0m19:24:02.610287 [debug] [MainThread]: Command `dbt debug` failed at 19:24:02.610287 after 0.05 seconds
[0m19:24:02.611287 [debug] [MainThread]: Sending event: {'category': 'dbt', 'action': 'invocation', 'label': 'end', 'context': [<snowplow_tracker.self_describing_json.SelfDescribingJson object at 0x00000129A34EAC48>, <snowplow_tracker.self_describing_json.SelfDescribingJson object at 0x00000129A97DE108>, <snowplow_tracker.self_describing_json.SelfDescribingJson object at 0x00000129A97DE208>]}
[0m19:24:02.611287 [debug] [MainThread]: Flushing usage events
[0m19:27:09.569708 [debug] [MainThread]: Sending event: {'category': 'dbt', 'action': 'invocation', 'label': 'start', 'context': [<snowplow_tracker.self_describing_json.SelfDescribingJson object at 0x00000260B70AC8C8>, <snowplow_tracker.self_describing_json.SelfDescribingJson object at 0x00000260B70ACC48>, <snowplow_tracker.self_describing_json.SelfDescribingJson object at 0x00000260B70ACE48>]}


============================== 19:27:09.574739 | 44f73bd8-1025-4527-a86c-4c26f13d38dd ==============================
[0m19:27:09.574739 [info ] [MainThread]: Running with dbt=1.5.11
[0m19:27:09.574739 [debug] [MainThread]: running dbt with arguments {'printer_width': '80', 'indirect_selection': 'eager', 'write_json': 'True', 'log_cache_events': 'False', 'partial_parse': 'True', 'cache_selected_only': 'False', 'warn_error': 'None', 'version_check': 'True', 'fail_fast': 'False', 'log_path': 'logs', 'debug': 'False', 'profiles_dir': '../', 'use_colors': 'True', 'use_experimental_parser': 'False', 'no_print': 'None', 'quiet': 'False', 'warn_error_options': 'WarnErrorOptions(include=[], exclude=[])', 'static_parser': 'True', 'log_format': 'default', 'introspect': 'True', 'target_path': 'None', 'send_anonymous_usage_stats': 'True'}
[0m19:27:09.574739 [info ] [MainThread]: To view your profiles.yml file, run:

start ../
[0m19:27:09.574739 [debug] [MainThread]: Command `dbt debug` succeeded at 19:27:09.574739 after 0.01 seconds
[0m19:27:09.574739 [debug] [MainThread]: Sending event: {'category': 'dbt', 'action': 'invocation', 'label': 'end', 'context': [<snowplow_tracker.self_describing_json.SelfDescribingJson object at 0x00000260B0DBC6C8>, <snowplow_tracker.self_describing_json.SelfDescribingJson object at 0x00000260B70D7FC8>, <snowplow_tracker.self_describing_json.SelfDescribingJson object at 0x00000260B70D7A48>]}
[0m19:27:09.574739 [debug] [MainThread]: Flushing usage events
